2014-03-26 12:44:50,289 - WARNING: Error in loading license from server java.lang.Exception: no key in AppConfig.json
2014-03-26 12:44:50,301 - WARNING: Running with 500 CCU limit
2014-03-26 12:44:51,827 - ERROR: Error in getAllZonesFromHSQLDB java.sql.SQLSyntaxErrorException: user lacks privilege or object not found: SERVICE
2014-03-26 12:44:53,157 - ERROR: Error in starting FlashPolicyServer java.net.SocketException: Permission denied
2014-03-26 12:46:01,246 - WARNING: Error in loading license from server java.lang.Exception: no key in AppConfig.json
2014-03-26 12:46:01,254 - WARNING: Running with 500 CCU limit
2014-03-26 12:46:12,109 - ERROR: Error in getStatement java.sql.SQLException: Database lock acquisition failure: lockFile: org.hsqldb.persist.LockFile@55ab5e26[file =/Users/sgowen/Dropbox/Documents/Techne Games/Assembla/cross-platform/bomber-party/trunk/bomber-party/src/platform/server/HSQLDBFile.lck, exists=true, locked=false, valid=false, ] method: checkHeartbeat read: 2014-03-26 17:46:11 heartbeat - read: -9444 ms.
2014-03-26 12:46:12,109 - ERROR: Error in getAllZonesFromHSQLDB java.lang.NullPointerException
2014-03-26 12:46:12,362 - ERROR: Error in starting TCP server java.net.BindException: Address already in use
2014-03-26 12:46:12,438 - ERROR: Error in starting FlashPolicyServer java.net.SocketException: Permission denied
2014-03-26 12:46:22,715 - ERROR: Error in getStatement java.sql.SQLException: Database lock acquisition failure: lockFile: org.hsqldb.persist.LockFile@55ab5e26[file =/Users/sgowen/Dropbox/Documents/Techne Games/Assembla/cross-platform/bomber-party/trunk/bomber-party/src/platform/server/HSQLDBFile.lck, exists=true, locked=false, valid=false, ] method: checkHeartbeat read: 2014-03-26 17:46:21 heartbeat - read: -57 ms.
2014-03-26 12:46:22,715 - WARNING: Error in createHSQLServiceTable java.lang.NullPointerException
2014-03-26 12:46:32,981 - ERROR: Error in getStatement java.sql.SQLException: Database lock acquisition failure: lockFile: org.hsqldb.persist.LockFile@55ab5e26[file =/Users/sgowen/Dropbox/Documents/Techne Games/Assembla/cross-platform/bomber-party/trunk/bomber-party/src/platform/server/HSQLDBFile.lck, exists=true, locked=false, valid=false, ] method: checkHeartbeat read: 2014-03-26 17:46:31 heartbeat - read: -322 ms.
2014-03-26 12:46:32,981 - WARNING: Error in createHSQLMteringTable java.lang.NullPointerException
2014-03-26 12:46:43,244 - ERROR: Error in getStatement java.sql.SQLException: Database lock acquisition failure: lockFile: org.hsqldb.persist.LockFile@55ab5e26[file =/Users/sgowen/Dropbox/Documents/Techne Games/Assembla/cross-platform/bomber-party/trunk/bomber-party/src/platform/server/HSQLDBFile.lck, exists=true, locked=false, valid=false, ] method: checkHeartbeat read: 2014-03-26 17:46:42 heartbeat - read: -586 ms.
2014-03-26 12:46:43,245 - WARNING: Error in createHSQLRoomTable java.lang.NullPointerException
2014-03-26 12:46:58,794 - WARNING: Error in loading license from server java.lang.Exception: no key in AppConfig.json
2014-03-26 12:46:58,799 - WARNING: Running with 500 CCU limit
2014-03-26 12:47:09,860 - ERROR: Error in getStatement java.sql.SQLException: Database lock acquisition failure: lockFile: org.hsqldb.persist.LockFile@55ab5e26[file =/Users/sgowen/Dropbox/Documents/Techne Games/Assembla/cross-platform/bomber-party/trunk/bomber-party/src/platform/server/HSQLDBFile.lck, exists=true, locked=false, valid=false, ] method: checkHeartbeat read: 2014-03-26 17:47:08 heartbeat - read: -7187 ms.
2014-03-26 12:47:09,861 - ERROR: Error in getAllZonesFromHSQLDB java.lang.NullPointerException
2014-03-26 12:47:10,191 - ERROR: Error in starting TCP server java.net.BindException: Address already in use
2014-03-26 12:47:10,258 - ERROR: Error in starting FlashPolicyServer java.net.SocketException: Permission denied
2014-03-26 12:47:20,539 - ERROR: Error in getStatement java.sql.SQLException: Database lock acquisition failure: lockFile: org.hsqldb.persist.LockFile@55ab5e26[file =/Users/sgowen/Dropbox/Documents/Techne Games/Assembla/cross-platform/bomber-party/trunk/bomber-party/src/platform/server/HSQLDBFile.lck, exists=true, locked=false, valid=false, ] method: checkHeartbeat read: 2014-03-26 17:47:19 heartbeat - read: -7877 ms.
2014-03-26 12:47:20,540 - WARNING: Error in createHSQLServiceTable java.lang.NullPointerException
2014-03-26 12:47:30,813 - ERROR: Error in getStatement java.sql.SQLException: Database lock acquisition failure: lockFile: org.hsqldb.persist.LockFile@55ab5e26[file =/Users/sgowen/Dropbox/Documents/Techne Games/Assembla/cross-platform/bomber-party/trunk/bomber-party/src/platform/server/HSQLDBFile.lck, exists=true, locked=false, valid=false, ] method: checkHeartbeat read: 2014-03-26 17:47:29 heartbeat - read: -8155 ms.
2014-03-26 12:47:30,813 - WARNING: Error in createHSQLMteringTable java.lang.NullPointerException
2014-03-26 12:47:41,077 - ERROR: Error in getStatement java.sql.SQLException: Database lock acquisition failure: lockFile: org.hsqldb.persist.LockFile@55ab5e26[file =/Users/sgowen/Dropbox/Documents/Techne Games/Assembla/cross-platform/bomber-party/trunk/bomber-party/src/platform/server/HSQLDBFile.lck, exists=true, locked=false, valid=false, ] method: checkHeartbeat read: 2014-03-26 17:47:40 heartbeat - read: -8421 ms.
2014-03-26 12:47:41,078 - WARNING: Error in createHSQLRoomTable java.lang.NullPointerException
2014-03-26 12:51:37,810 - WARNING: Error in loading license from server java.lang.Exception: no key in AppConfig.json
2014-03-26 12:51:37,816 - WARNING: Running with 500 CCU limit
2014-03-26 12:51:48,726 - ERROR: Error in getStatement java.sql.SQLException: Database lock acquisition failure: lockFile: org.hsqldb.persist.LockFile@55ab5e26[file =/Users/sgowen/Dropbox/Documents/Techne Games/Assembla/cross-platform/bomber-party/trunk/bomber-party/src/platform/server/HSQLDBFile.lck, exists=true, locked=false, valid=false, ] method: checkHeartbeat read: 2014-03-26 17:51:47 heartbeat - read: -6062 ms.
2014-03-26 12:51:48,726 - ERROR: Error in getAllZonesFromHSQLDB java.lang.NullPointerException
2014-03-26 12:51:49,018 - ERROR: Error in starting TCP server java.net.BindException: Address already in use
2014-03-26 12:51:49,085 - ERROR: Error in starting FlashPolicyServer java.net.SocketException: Permission denied
2014-03-26 12:51:59,364 - ERROR: Error in getStatement java.sql.SQLException: Database lock acquisition failure: lockFile: org.hsqldb.persist.LockFile@55ab5e26[file =/Users/sgowen/Dropbox/Documents/Techne Games/Assembla/cross-platform/bomber-party/trunk/bomber-party/src/platform/server/HSQLDBFile.lck, exists=true, locked=false, valid=false, ] method: checkHeartbeat read: 2014-03-26 17:51:58 heartbeat - read: -6708 ms.
2014-03-26 12:51:59,364 - WARNING: Error in createHSQLServiceTable java.lang.NullPointerException
2014-03-26 12:52:09,628 - ERROR: Error in getStatement java.sql.SQLException: Database lock acquisition failure: lockFile: org.hsqldb.persist.LockFile@55ab5e26[file =/Users/sgowen/Dropbox/Documents/Techne Games/Assembla/cross-platform/bomber-party/trunk/bomber-party/src/platform/server/HSQLDBFile.lck, exists=true, locked=false, valid=false, ] method: checkHeartbeat read: 2014-03-26 17:52:08 heartbeat - read: -6970 ms.
2014-03-26 12:52:09,628 - WARNING: Error in createHSQLMteringTable java.lang.NullPointerException
2014-03-26 12:52:19,891 - ERROR: Error in getStatement java.sql.SQLException: Database lock acquisition failure: lockFile: org.hsqldb.persist.LockFile@55ab5e26[file =/Users/sgowen/Dropbox/Documents/Techne Games/Assembla/cross-platform/bomber-party/trunk/bomber-party/src/platform/server/HSQLDBFile.lck, exists=true, locked=false, valid=false, ] method: checkHeartbeat read: 2014-03-26 17:52:18 heartbeat - read: -7235 ms.
2014-03-26 12:52:19,892 - WARNING: Error in createHSQLRoomTable java.lang.NullPointerException
2014-03-26 12:53:44,734 - WARNING: Error in loading license from server java.lang.Exception: no key in AppConfig.json
2014-03-26 12:53:44,746 - WARNING: Running with 500 CCU limit
2014-03-26 12:53:55,786 - ERROR: Error in getStatement java.sql.SQLException: Database lock acquisition failure: lockFile: org.hsqldb.persist.LockFile@55ab5e26[file =/Users/sgowen/Dropbox/Documents/Techne Games/Assembla/cross-platform/bomber-party/trunk/bomber-party/src/platform/server/HSQLDBFile.lck, exists=true, locked=false, valid=false, ] method: checkHeartbeat read: 2014-03-26 17:53:54 heartbeat - read: -3123 ms.
2014-03-26 12:53:55,786 - ERROR: Error in getAllZonesFromHSQLDB java.lang.NullPointerException
2014-03-26 12:53:56,090 - ERROR: Error in starting TCP server java.net.BindException: Address already in use
2014-03-26 12:53:56,162 - ERROR: Error in starting FlashPolicyServer java.net.SocketException: Permission denied
2014-03-26 12:54:06,443 - ERROR: Error in getStatement java.sql.SQLException: Database lock acquisition failure: lockFile: org.hsqldb.persist.LockFile@55ab5e26[file =/Users/sgowen/Dropbox/Documents/Techne Games/Assembla/cross-platform/bomber-party/trunk/bomber-party/src/platform/server/HSQLDBFile.lck, exists=true, locked=false, valid=false, ] method: checkHeartbeat read: 2014-03-26 17:54:05 heartbeat - read: -3786 ms.
2014-03-26 12:54:06,444 - WARNING: Error in createHSQLServiceTable java.lang.NullPointerException
2014-03-26 12:54:16,710 - ERROR: Error in getStatement java.sql.SQLException: Database lock acquisition failure: lockFile: org.hsqldb.persist.LockFile@55ab5e26[file =/Users/sgowen/Dropbox/Documents/Techne Games/Assembla/cross-platform/bomber-party/trunk/bomber-party/src/platform/server/HSQLDBFile.lck, exists=true, locked=false, valid=false, ] method: checkHeartbeat read: 2014-03-26 17:54:15 heartbeat - read: -4052 ms.
2014-03-26 12:54:16,710 - WARNING: Error in createHSQLMteringTable java.lang.NullPointerException
2014-03-26 12:54:26,968 - ERROR: Error in getStatement java.sql.SQLException: Database lock acquisition failure: lockFile: org.hsqldb.persist.LockFile@55ab5e26[file =/Users/sgowen/Dropbox/Documents/Techne Games/Assembla/cross-platform/bomber-party/trunk/bomber-party/src/platform/server/HSQLDBFile.lck, exists=true, locked=false, valid=false, ] method: checkHeartbeat read: 2014-03-26 17:54:25 heartbeat - read: -4310 ms.
2014-03-26 12:54:26,968 - WARNING: Error in createHSQLRoomTable java.lang.NullPointerException
2014-03-26 13:01:04,276 - WARNING: Error in loading license from server java.lang.Exception: no key in AppConfig.json
2014-03-26 13:01:04,291 - WARNING: Running with 500 CCU limit
2014-03-26 13:01:15,444 - ERROR: Error in getStatement java.sql.SQLException: Database lock acquisition failure: lockFile: org.hsqldb.persist.LockFile@55ab5e26[file =/Users/sgowen/Dropbox/Documents/Techne Games/Assembla/cross-platform/bomber-party/trunk/bomber-party/src/platform/server/HSQLDBFile.lck, exists=true, locked=false, valid=false, ] method: checkHeartbeat read: 2014-03-26 18:01:14 heartbeat - read: -2779 ms.
2014-03-26 13:01:15,445 - ERROR: Error in getAllZonesFromHSQLDB java.lang.NullPointerException
2014-03-26 13:01:15,887 - ERROR: Error in starting TCP server java.net.BindException: Address already in use
2014-03-26 13:01:15,959 - ERROR: Error in starting FlashPolicyServer java.net.SocketException: Permission denied
2014-03-26 13:01:26,238 - ERROR: Error in getStatement java.sql.SQLException: Database lock acquisition failure: lockFile: org.hsqldb.persist.LockFile@55ab5e26[file =/Users/sgowen/Dropbox/Documents/Techne Games/Assembla/cross-platform/bomber-party/trunk/bomber-party/src/platform/server/HSQLDBFile.lck, exists=true, locked=false, valid=false, ] method: checkHeartbeat read: 2014-03-26 18:01:25 heartbeat - read: -3581 ms.
2014-03-26 13:01:26,239 - WARNING: Error in createHSQLServiceTable java.lang.NullPointerException
2014-03-26 13:01:36,506 - ERROR: Error in getStatement java.sql.SQLException: Database lock acquisition failure: lockFile: org.hsqldb.persist.LockFile@55ab5e26[file =/Users/sgowen/Dropbox/Documents/Techne Games/Assembla/cross-platform/bomber-party/trunk/bomber-party/src/platform/server/HSQLDBFile.lck, exists=true, locked=false, valid=false, ] method: checkHeartbeat read: 2014-03-26 18:01:35 heartbeat - read: -3847 ms.
2014-03-26 13:01:36,507 - WARNING: Error in createHSQLMteringTable java.lang.NullPointerException
2014-03-26 13:01:46,888 - ERROR: Error in getStatement java.sql.SQLException: Database lock acquisition failure: lockFile: org.hsqldb.persist.LockFile@55ab5e26[file =/Users/sgowen/Dropbox/Documents/Techne Games/Assembla/cross-platform/bomber-party/trunk/bomber-party/src/platform/server/HSQLDBFile.lck, exists=true, locked=false, valid=false, ] method: checkHeartbeat read: 2014-03-26 18:01:45 heartbeat - read: -4231 ms.
2014-03-26 13:01:46,889 - WARNING: Error in createHSQLRoomTable java.lang.NullPointerException
2014-03-26 13:03:13,801 - WARNING: Error in loading license from server java.lang.Exception: no key in AppConfig.json
2014-03-26 13:03:13,813 - WARNING: Running with 500 CCU limit
2014-03-26 13:03:24,863 - ERROR: Error in getStatement java.sql.SQLException: Database lock acquisition failure: lockFile: org.hsqldb.persist.LockFile@55ab5e26[file =/Users/sgowen/Dropbox/Documents/Techne Games/Assembla/cross-platform/bomber-party/trunk/bomber-party/src/platform/server/HSQLDBFile.lck, exists=true, locked=false, valid=false, ] method: checkHeartbeat read: 2014-03-26 18:03:23 heartbeat - read: -2199 ms.
2014-03-26 13:03:24,863 - ERROR: Error in getAllZonesFromHSQLDB java.lang.NullPointerException
2014-03-26 13:03:25,098 - ERROR: Error in starting TCP server java.net.BindException: Address already in use
2014-03-26 13:03:25,168 - ERROR: Error in starting FlashPolicyServer java.net.SocketException: Permission denied
2014-03-26 13:03:35,442 - ERROR: Error in getStatement java.sql.SQLException: Database lock acquisition failure: lockFile: org.hsqldb.persist.LockFile@55ab5e26[file =/Users/sgowen/Dropbox/Documents/Techne Games/Assembla/cross-platform/bomber-party/trunk/bomber-party/src/platform/server/HSQLDBFile.lck, exists=true, locked=false, valid=false, ] method: checkHeartbeat read: 2014-03-26 18:03:34 heartbeat - read: -2785 ms.
2014-03-26 13:03:35,442 - WARNING: Error in createHSQLServiceTable java.lang.NullPointerException
2014-03-26 13:03:45,710 - ERROR: Error in getStatement java.sql.SQLException: Database lock acquisition failure: lockFile: org.hsqldb.persist.LockFile@55ab5e26[file =/Users/sgowen/Dropbox/Documents/Techne Games/Assembla/cross-platform/bomber-party/trunk/bomber-party/src/platform/server/HSQLDBFile.lck, exists=true, locked=false, valid=false, ] method: checkHeartbeat read: 2014-03-26 18:03:44 heartbeat - read: -3053 ms.
2014-03-26 13:03:45,710 - WARNING: Error in createHSQLMteringTable java.lang.NullPointerException
2014-03-26 13:03:55,971 - ERROR: Error in getStatement java.sql.SQLException: Database lock acquisition failure: lockFile: org.hsqldb.persist.LockFile@55ab5e26[file =/Users/sgowen/Dropbox/Documents/Techne Games/Assembla/cross-platform/bomber-party/trunk/bomber-party/src/platform/server/HSQLDBFile.lck, exists=true, locked=false, valid=false, ] method: checkHeartbeat read: 2014-03-26 18:03:54 heartbeat - read: -3314 ms.
2014-03-26 13:03:55,971 - WARNING: Error in createHSQLRoomTable java.lang.NullPointerException
2014-03-26 13:04:58,179 - WARNING: Error in loading license from server java.lang.Exception: no key in AppConfig.json
2014-03-26 13:04:58,189 - WARNING: Running with 500 CCU limit
2014-03-26 13:05:09,415 - ERROR: Error in getStatement java.sql.SQLException: Database lock acquisition failure: lockFile: org.hsqldb.persist.LockFile@55ab5e26[file =/Users/sgowen/Dropbox/Documents/Techne Games/Assembla/cross-platform/bomber-party/trunk/bomber-party/src/platform/server/HSQLDBFile.lck, exists=true, locked=false, valid=false, ] method: checkHeartbeat read: 2014-03-26 18:05:08 heartbeat - read: -6751 ms.
2014-03-26 13:05:09,415 - ERROR: Error in getAllZonesFromHSQLDB java.lang.NullPointerException
2014-03-26 13:05:09,685 - ERROR: Error in starting TCP server java.net.BindException: Address already in use
2014-03-26 13:05:09,762 - ERROR: Error in starting FlashPolicyServer java.net.SocketException: Permission denied
2014-03-26 13:05:20,047 - ERROR: Error in getStatement java.sql.SQLException: Database lock acquisition failure: lockFile: org.hsqldb.persist.LockFile@55ab5e26[file =/Users/sgowen/Dropbox/Documents/Techne Games/Assembla/cross-platform/bomber-party/trunk/bomber-party/src/platform/server/HSQLDBFile.lck, exists=true, locked=false, valid=false, ] method: checkHeartbeat read: 2014-03-26 18:05:19 heartbeat - read: -7390 ms.
2014-03-26 13:05:20,048 - WARNING: Error in createHSQLServiceTable java.lang.NullPointerException
2014-03-26 13:05:30,323 - ERROR: Error in getStatement java.sql.SQLException: Database lock acquisition failure: lockFile: org.hsqldb.persist.LockFile@55ab5e26[file =/Users/sgowen/Dropbox/Documents/Techne Games/Assembla/cross-platform/bomber-party/trunk/bomber-party/src/platform/server/HSQLDBFile.lck, exists=true, locked=false, valid=false, ] method: checkHeartbeat read: 2014-03-26 18:05:29 heartbeat - read: -7665 ms.
2014-03-26 13:05:30,323 - WARNING: Error in createHSQLMteringTable java.lang.NullPointerException
2014-03-26 13:05:40,611 - ERROR: Error in getStatement java.sql.SQLException: Database lock acquisition failure: lockFile: org.hsqldb.persist.LockFile@55ab5e26[file =/Users/sgowen/Dropbox/Documents/Techne Games/Assembla/cross-platform/bomber-party/trunk/bomber-party/src/platform/server/HSQLDBFile.lck, exists=true, locked=false, valid=false, ] method: checkHeartbeat read: 2014-03-26 18:05:39 heartbeat - read: -7953 ms.
2014-03-26 13:05:40,612 - WARNING: Error in createHSQLRoomTable java.lang.NullPointerException
2014-03-26 13:05:49,370 - WARNING: Error in loading license from server java.lang.Exception: no key in AppConfig.json
2014-03-26 13:05:49,417 - WARNING: Running with 500 CCU limit
2014-03-26 13:06:01,428 - ERROR: Error in getStatement java.sql.SQLException: Database lock acquisition failure: lockFile: org.hsqldb.persist.LockFile@55ab5e26[file =/Users/sgowen/Dropbox/Documents/Techne Games/Assembla/cross-platform/bomber-party/trunk/bomber-party/src/platform/server/HSQLDBFile.lck, exists=true, locked=false, valid=false, ] method: checkHeartbeat read: 2014-03-26 18:06:00 heartbeat - read: -8765 ms.
2014-03-26 13:06:01,428 - ERROR: Error in getAllZonesFromHSQLDB java.lang.NullPointerException
2014-03-26 13:06:01,742 - ERROR: Error in starting TCP server java.net.BindException: Address already in use
2014-03-26 13:06:01,808 - ERROR: Error in starting FlashPolicyServer java.net.SocketException: Permission denied
2014-03-26 13:06:12,099 - ERROR: Error in getStatement java.sql.SQLException: Database lock acquisition failure: lockFile: org.hsqldb.persist.LockFile@55ab5e26[file =/Users/sgowen/Dropbox/Documents/Techne Games/Assembla/cross-platform/bomber-party/trunk/bomber-party/src/platform/server/HSQLDBFile.lck, exists=true, locked=false, valid=false, ] method: checkHeartbeat read: 2014-03-26 18:06:11 heartbeat - read: -9442 ms.
2014-03-26 13:06:12,099 - WARNING: Error in createHSQLServiceTable java.lang.NullPointerException
2014-03-26 13:06:22,364 - ERROR: Error in getStatement java.sql.SQLException: Database lock acquisition failure: lockFile: org.hsqldb.persist.LockFile@55ab5e26[file =/Users/sgowen/Dropbox/Documents/Techne Games/Assembla/cross-platform/bomber-party/trunk/bomber-party/src/platform/server/HSQLDBFile.lck, exists=true, locked=false, valid=false, ] method: checkHeartbeat read: 2014-03-26 18:06:21 heartbeat - read: -9708 ms.
2014-03-26 13:06:22,365 - WARNING: Error in createHSQLMteringTable java.lang.NullPointerException
2014-03-26 13:06:32,638 - ERROR: Error in getStatement java.sql.SQLException: Database lock acquisition failure: lockFile: org.hsqldb.persist.LockFile@55ab5e26[file =/Users/sgowen/Dropbox/Documents/Techne Games/Assembla/cross-platform/bomber-party/trunk/bomber-party/src/platform/server/HSQLDBFile.lck, exists=true, locked=false, valid=false, ] method: checkHeartbeat read: 2014-03-26 18:06:31 heartbeat - read: -9981 ms.
2014-03-26 13:06:32,639 - WARNING: Error in createHSQLRoomTable java.lang.NullPointerException
2014-03-26 13:11:19,746 - WARNING: Error in loading license from server java.lang.Exception: no key in AppConfig.json
2014-03-26 13:11:19,763 - WARNING: Running with 500 CCU limit
2014-03-26 13:11:30,912 - ERROR: Error in getStatement java.sql.SQLException: Database lock acquisition failure: lockFile: org.hsqldb.persist.LockFile@55ab5e26[file =/Users/sgowen/Dropbox/Documents/Techne Games/Assembla/cross-platform/bomber-party/trunk/bomber-party/src/platform/server/HSQLDBFile.lck, exists=true, locked=false, valid=false, ] method: checkHeartbeat read: 2014-03-26 18:11:29 heartbeat - read: -8252 ms.
2014-03-26 13:11:30,912 - ERROR: Error in getAllZonesFromHSQLDB java.lang.NullPointerException
2014-03-26 13:11:31,193 - ERROR: Error in starting TCP server java.net.BindException: Address already in use
2014-03-26 13:11:31,271 - ERROR: Error in starting FlashPolicyServer java.net.SocketException: Permission denied
2014-03-26 13:11:41,553 - ERROR: Error in getStatement java.sql.SQLException: Database lock acquisition failure: lockFile: org.hsqldb.persist.LockFile@55ab5e26[file =/Users/sgowen/Dropbox/Documents/Techne Games/Assembla/cross-platform/bomber-party/trunk/bomber-party/src/platform/server/HSQLDBFile.lck, exists=true, locked=false, valid=false, ] method: checkHeartbeat read: 2014-03-26 18:11:40 heartbeat - read: -8895 ms.
2014-03-26 13:11:41,553 - WARNING: Error in createHSQLServiceTable java.lang.NullPointerException
2014-03-26 13:11:51,854 - ERROR: Error in getStatement java.sql.SQLException: Database lock acquisition failure: lockFile: org.hsqldb.persist.LockFile@55ab5e26[file =/Users/sgowen/Dropbox/Documents/Techne Games/Assembla/cross-platform/bomber-party/trunk/bomber-party/src/platform/server/HSQLDBFile.lck, exists=true, locked=false, valid=false, ] method: checkHeartbeat read: 2014-03-26 18:11:50 heartbeat - read: -9196 ms.
2014-03-26 13:11:51,855 - WARNING: Error in createHSQLMteringTable java.lang.NullPointerException
2014-03-26 13:12:02,125 - ERROR: Error in getStatement java.sql.SQLException: Database lock acquisition failure: lockFile: org.hsqldb.persist.LockFile@55ab5e26[file =/Users/sgowen/Dropbox/Documents/Techne Games/Assembla/cross-platform/bomber-party/trunk/bomber-party/src/platform/server/HSQLDBFile.lck, exists=true, locked=false, valid=false, ] method: checkHeartbeat read: 2014-03-26 18:12:01 heartbeat - read: -9467 ms.
2014-03-26 13:12:02,126 - WARNING: Error in createHSQLRoomTable java.lang.NullPointerException
2014-03-26 13:28:15,861 - WARNING: Error in loading license from server java.lang.Exception: no key in AppConfig.json
2014-03-26 13:28:15,876 - WARNING: Running with 500 CCU limit
2014-03-26 13:28:19,199 - ERROR: Error in starting FlashPolicyServer java.net.SocketException: Permission denied
2014-03-26 13:28:19,204 - WARNING: Error in createHSQLServiceTable java.sql.SQLSyntaxErrorException: object name already exists: SERVICE in statement [CREATE TABLE service(AppKey varchar(20),Secret varchar(20),Name varchar(20),PRIMARY KEY (AppKey))]
2014-03-26 13:28:19,205 - WARNING: Error in createHSQLMteringTable java.sql.SQLSyntaxErrorException: object name already exists: METERING in statement [CREATE TABLE metering(AppKey varchar(20),sent int,received int,name varchar(35))]
2014-03-26 13:28:19,206 - WARNING: Error in createHSQLRoomTable java.sql.SQLSyntaxErrorException: object name already exists: ROOM in statement [CREATE TABLE room(AppKey varchar(20),id varchar(20),maxPlayers int,name varchar(20),properties varchar(500),PRIMARY KEY (AppKey,id))]
